C:\Users\Swapnil\Desktop\Demo1>java -jar Skyline.jar data_ind.txt query_3.txt

********** Reading Query **********

Query read time :: 16ms
Window size ::10
dimension set :: [2, 4, 5]
dimension set length :: 3

********** Query File loaded successfully **********

Please check ouput at file :: data_ind.txt.out

********** Start of BNL algorithm implementation **********

Generating skyline set with BNL algorithm
Total running time :: 12292ms
Total tuple comparisons :: 159433
Size of skyline set :: 71

********** END of BNL algorithm implementation **********


**********Start of SFS algorithm implementation **********

Generating skyline set with SFS algorithm
Total running time :: 22173ms
Total tuple comparisons :: 108683
Size of skyline set :: 71
********** END of SFS algorithm implementation **********
