C:\Users\Swapnil\Desktop\Demo1>java -jar Skyline.jar data_cor.txt query_1.txt

********** Reading Query **********

Query read time :: 15ms
Window size ::100
dimension set :: [1, 2, 3, 4, 5, 6]
dimension set length :: 6

********** Query File loaded successfully **********

Please check ouput at file :: data_cor.txt.out


********** Start of BNL algorithm implementation **********

Generating skyline set with BNL algorithm
Total running time :: 11704ms
Total tuple comparisons :: 203973
Size of skyline set :: 49

********** END of BNL algorithm implementation **********


**********Start of SFS algorithm implementation **********

Generating skyline set with SFS algorithm
Total running time :: 22811ms
Total tuple comparisons :: 101816
Size of skyline set :: 49
********** END of SFS algorithm implementation **********
C:\Users\Swapnil\Desktop\Demo1>java -jar Skyline.jar data_cor.txt query_2.txt

********** Reading Query **********

Query read time :: 15ms
Window size ::1000
dimension set :: [1, 4, 5, 6]
dimension set length :: 4

********** Query File loaded successfully **********

Please check ouput at file :: data_cor.txt.out


********** Start of BNL algorithm implementation **********

Generating skyline set with BNL algorithm
Total running time :: 11657ms
Total tuple comparisons :: 109063
Size of skyline set :: 27

********** END of BNL algorithm implementation **********


**********Start of SFS algorithm implementation **********

Generating skyline set with SFS algorithm
Total running time :: 22734ms
Total tuple comparisons :: 100763
Size of skyline set :: 27
********** END of SFS algorithm implementation **********
C:\Users\Swapnil\Desktop\Demo1>java -jar Skyline.jar data_cor.txt query_3.txt

********** Reading Query **********

Query read time :: 15ms
Window size ::10
dimension set :: [2, 4, 5]
dimension set length :: 3

********** Query File loaded successfully **********

Please check ouput at file :: data_cor.txt.out

********** Start of BNL algorithm implementation **********

Generating skyline set with BNL algorithm
Total running time :: 12031ms
Total tuple comparisons :: 156578
Size of skyline set :: 21

********** END of BNL algorithm implementation **********


**********Start of SFS algorithm implementation **********

Generating skyline set with SFS algorithm
Total running time :: 22032ms
Total tuple comparisons :: 100302
Size of skyline set :: 21
********** END of SFS algorithm implementation **********

C:\Users\Swapnil\Desktop\Demo1>java -jar Skyline.jar data_cor.txt query_4.txt

********** Reading Query **********

Query read time :: 16ms
Window size ::100000
dimension set :: [1, 2, 3, 4, 5, 6]
dimension set length :: 6

********** Query File loaded successfully **********

Please check ouput at file :: data_cor.txt.out

********** Start of BNL algorithm implementation **********

Generating skyline set with BNL algorithm
Total running time :: 11743ms
Total tuple comparisons :: 203973
Size of skyline set :: 49

********** END of BNL algorithm implementation **********


**********Start of SFS algorithm implementation **********

Generating skyline set with SFS algorithm
Total running time :: 22626ms
Total tuple comparisons :: 101816
Size of skyline set :: 49
********** END of SFS algorithm implementation **********
