
C:\Users\Swapnil\Desktop\Demo1>java -jar Skyline.jar data_ind.txt query_2.txt

********** Reading Query **********

Query read time :: 20ms
Window size ::1000
dimension set :: [1, 4, 5, 6]
dimension set length :: 4

********** Query File loaded successfully **********

Please check ouput at file :: data_ind.txt.out

********** Start of BNL algorithm implementation **********

Generating skyline set with BNL algorithm
Total running time :: 11796ms
Total tuple comparisons :: 736665
Size of skyline set :: 260

********** END of BNL algorithm implementation **********


**********Start of SFS algorithm implementation **********

Generating skyline set with SFS algorithm
Total running time :: 22639ms
Total tuple comparisons :: 208289
Size of skyline set :: 260
********** END of SFS algorithm implementation **********
