C:\Users\Swapnil\Desktop\Demo1>java -jar Skyline.jar data_cor.txt query_1.txt

********** Reading Query **********

Query read time :: 15ms
Window size ::100
dimension set :: [1, 2, 3, 4, 5, 6]
dimension set length :: 6

********** Query File loaded successfully **********

Please check ouput at file :: data_cor.txt.out


********** Start of BNL algorithm implementation **********

Generating skyline set with BNL algorithm
Total running time :: 11704ms
Total tuple comparisons :: 203973
Size of skyline set :: 49

********** END of BNL algorithm implementation **********


**********Start of SFS algorithm implementation **********

Generating skyline set with SFS algorithm
Total running time :: 22811ms
Total tuple comparisons :: 101816
Size of skyline set :: 49
********** END of SFS algorithm implementation **********
