
********** Start of BNL algorithm implementation **********

Generating skyline set with BNL algorithm
Tuple ID 51 :: [0.2000355580074734, 0.1290932164127039, 0.1684753320681174, 0.1552934988277056, 0.1431085684157619]
Tuple ID 76 :: [0.1751634008469383, 0.2272203333708813, 0.1142003455780702, 0.2741430702967284, 0.1533885426309782]
Tuple ID 243 :: [0.6504878759499437, 0.07676766974376165, 0.6836857826298437, 0.5341026532897793, 0.5913228869349382]
Tuple ID 245 :: [0.1412184509930379, 0.2386759380674436, 0.1393037737897102, 0.1883888035213654, 0.1235130778561604]
Tuple ID 252 :: [0.1311937510377451, 0.2024806538745105, 0.08074704393431263, 0.2194155681285957, 0.1679500883214755]
Tuple ID 344 :: [0.2063992297068891, 0.1553310153264451, 0.1336396422933788, 0.2188238078368435, 0.1138720880074574]
Tuple ID 383 :: [0.1214883282287253, 0.2287350017575388, 0.1014704949255345, 0.2101928228522165, 0.1195738328987277]
Tuple ID 564 :: [0.09667410565141399, 0.4461660680172451, 0.273319920971946, 0.3965088794837252, 0.3214520086372207]
Tuple ID 569 :: [0.2082196127398625, 0.2191319064674454, 0.1129862631104241, 0.1830298212120485, 0.2555484561742123]
Tuple ID 630 :: [0.2056677099606699, 0.1257128000648459, 0.2795999973766097, 0.1917013789178119, 0.1820087491380191]
Tuple ID 731 :: [0.1029230364101082, 0.1623604050294041, 0.1429503127859745, 0.1695649214664004, 0.1126052615260804]
Tuple ID 786 :: [0.1118063650177767, 0.1774498102668322, 0.1341426240883897, 0.127225960099672, 0.1604986654406556]
Tuple ID 949 :: [0.1774580756872461, 0.1783045339058373, 0.1807430392228085, 0.0897966424379528, 0.2420699604301748]
 
Total running time :: 537ms
Total tuple comparisons :: 1603
Size of skyline set :: 13

********** END of BNL algorithm implementation **********


**********Start of SFS algorithm implementation **********

Generating skyline set with SFS algorithm
Tuple ID 731 :: [0.1029230364101082, 0.1623604050294041, 0.1429503127859745, 0.1695649214664004, 0.1126052615260804]
Tuple ID 786 :: [0.1118063650177767, 0.1774498102668322, 0.1341426240883897, 0.127225960099672, 0.1604986654406556]
Tuple ID 383 :: [0.1214883282287253, 0.2287350017575388, 0.1014704949255345, 0.2101928228522165, 0.1195738328987277]
Tuple ID 51 :: [0.2000355580074734, 0.1290932164127039, 0.1684753320681174, 0.1552934988277056, 0.1431085684157619]
Tuple ID 252 :: [0.1311937510377451, 0.2024806538745105, 0.08074704393431263, 0.2194155681285957, 0.1679500883214755]
Tuple ID 344 :: [0.2063992297068891, 0.1553310153264451, 0.1336396422933788, 0.2188238078368435, 0.1138720880074574]
Tuple ID 245 :: [0.1412184509930379, 0.2386759380674436, 0.1393037737897102, 0.1883888035213654, 0.1235130778561604]
Tuple ID 949 :: [0.1774580756872461, 0.1783045339058373, 0.1807430392228085, 0.0897966424379528, 0.2420699604301748]
Tuple ID 76 :: [0.1751634008469383, 0.2272203333708813, 0.1142003455780702, 0.2741430702967284, 0.1533885426309782]
Tuple ID 569 :: [0.2082196127398625, 0.2191319064674454, 0.1129862631104241, 0.1830298212120485, 0.2555484561742123]
Tuple ID 630 :: [0.2056677099606699, 0.1257128000648459, 0.2795999973766097, 0.1917013789178119, 0.1820087491380191]
Tuple ID 564 :: [0.09667410565141399, 0.4461660680172451, 0.273319920971946, 0.3965088794837252, 0.3214520086372207]
Tuple ID 243 :: [0.6504878759499437, 0.07676766974376165, 0.6836857826298437, 0.5341026532897793, 0.5913228869349382]
 
Total running time :: 640ms
Total tuple comparisons :: 1101
Size of skyline set :: 13
********** END of SFS algorithm implementation **********
