
********** Start of BNL algorithm implementation **********

Generating skyline set with BNL algorithm
Tuple ID 5 :: [0.01630057162432958, 0.242886770629737, 0.1372315767860187, 0.8041767542269904, 0.1566790892540846]
Tuple ID 12 :: [0.3488929352485076, 0.06417132078864207, 0.02002304886468828, 0.4577017372742769, 0.06309583832653977]
Tuple ID 29 :: [0.07452980059875632, 0.9501040316885822, 0.05252926240327268, 0.5215633798025378, 0.1762106563785163]
Tuple ID 35 :: [0.8705398649305757, 0.07232879943788462, 0.004161608873010431, 0.9230691273338484, 0.5938921792404224]
Tuple ID 48 :: [0.003231459764405834, 0.3449429549951772, 0.5984812996343157, 0.8332432940757104, 0.2338917046943175]
Tuple ID 57 :: [0.984363202929666, 0.003578574398336268, 0.8273911354259547, 0.3314790755191255, 0.1882010419798089]
Tuple ID 75 :: [0.8975602662645096, 0.1360746119805028, 0.4107879378883112, 0.005408548286840575, 0.7832819939513141]
Tuple ID 91 :: [0.5553977361672547, 0.01457934361630089, 0.3802146736440317, 0.3821671462534774, 0.3054080062105358]
Tuple ID 96 :: [0.6778123624053841, 0.1528758020852114, 0.03289265047427856, 0.06356059716248913, 0.6857217921343268]
Tuple ID 97 :: [0.1876164121495636, 0.6189583337954051, 0.700301136216289, 0.5678310857935953, 0.001125479583221245]
Tuple ID 98 :: [0.005709141961163441, 0.3052388165636169, 0.2615703215177964, 0.6553681067448892, 0.8575552123866766]
Tuple ID 115 :: [0.05872324344642611, 0.07426042997942327, 0.6407663308273844, 0.597279760333374, 0.2226023679704416]
Tuple ID 126 :: [0.2426258387242564, 0.01891075494648458, 0.3438413796684898, 0.009073435333125962, 0.9236922631616202]
Tuple ID 133 :: [0.1266692425714197, 0.2275518841238468, 0.9469246663837343, 0.01386625692894042, 0.1608244227994347]
Tuple ID 138 :: [0.9979698951346659, 0.03566643830186987, 0.5235483751276268, 0.2009468740788041, 0.6617915787090508]
Tuple ID 142 :: [0.189063612925384, 0.591110599502507, 0.05343939878672333, 0.1014541541698641, 0.1572750933269388]
Tuple ID 143 :: [0.2441486126017517, 0.1361705098003943, 0.5891186062195891, 0.05805228280744156, 0.8895531882948955]
Tuple ID 155 :: [0.04391530437577297, 0.02386319917806573, 0.005076203031966557, 0.4872541630115612, 0.2928855597474079]
Tuple ID 157 :: [0.1909835483836865, 0.4836483506875338, 0.9233807599746533, 0.04339471228578813, 0.08441099528428679]
Tuple ID 170 :: [0.43375842014037, 0.005434890280214553, 0.6497865494572495, 0.1262218813068335, 0.46194906693974]
Tuple ID 172 :: [0.8671973472774016, 0.0626739492000425, 0.04718260608947957, 0.5270749565805658, 0.1771329805148453]
Tuple ID 187 :: [0.2842892810163504, 0.07675337655318593, 0.8800087081640999, 0.1727221324912841, 0.178986642593046]
Tuple ID 195 :: [0.2931714767092706, 0.1845774320813722, 0.002827793826734551, 0.9007718115582931, 0.2887516134831829]
Tuple ID 202 :: [0.005843191876003143, 0.2686842276103256, 0.1916303100025422, 0.6933702876294825, 0.4440973333288437]
Tuple ID 204 :: [0.4264115590725148, 0.3435200370585174, 0.05046626648421691, 0.09431987958695734, 0.8093548090240708]
Tuple ID 207 :: [0.3862986515212332, 0.1403379892652566, 0.4265545212787364, 0.1033902299140534, 0.6004054432736735]
Tuple ID 210 :: [0.9700420861924263, 0.9587534526170945, 0.08852830300504728, 0.02050835221098193, 0.05307333173839065]
Tuple ID 218 :: [0.004726512825454824, 0.1882480602656715, 0.2871894618902306, 0.6275178234221032, 0.2618859220584323]
Tuple ID 223 :: [0.1860285388240724, 0.7297015663840349, 0.3807119845322855, 0.006954181011279198, 0.6980962696010695]
Tuple ID 234 :: [0.1820028541525839, 0.2435276872681117, 0.02457549517255998, 0.138113731582702, 0.4176634333178696]
Tuple ID 235 :: [0.2122686641347914, 0.3852816058254249, 0.7778277181916999, 0.1296633994810578, 0.01316146413477206]
Tuple ID 244 :: [0.09962934353371586, 0.9508852706993396, 0.3237548434751829, 0.5764793462941793, 0.04337900785886636]
Tuple ID 246 :: [0.1388449590368406, 0.7052999430826399, 0.2325650533812889, 0.5971135104061633, 0.007880083754602859]
Tuple ID 249 :: [0.2479623124226752, 0.193564050921036, 0.03160635616239457, 0.1121565639563634, 0.7272757229987884]
Tuple ID 255 :: [4.687765615381191E-5, 0.1549266512295821, 0.3077632222826421, 0.03165323381854838, 0.2670832151859455]
Tuple ID 259 :: [0.2464756570972854, 0.1949475049949007, 0.1277427008039051, 0.1011237167292851, 0.584997878682333]
Tuple ID 266 :: [0.9253184836941392, 0.5680760050043817, 0.1226640386146791, 0.06760782984439648, 0.3371504905340962]
Tuple ID 267 :: [0.1122053508237961, 0.3240963482875825, 0.1062718541856258, 0.2566733142624951, 0.8883480894790721]
Tuple ID 271 :: [0.7035706786921111, 0.2206785447060496, 0.006425603295874598, 0.04389128277259473, 0.7282956739553695]
Tuple ID 272 :: [0.04651266897400499, 0.9692097664667338, 0.2963716784940901, 0.1691767075886841, 0.03681759631113037]
Tuple ID 274 :: [0.2492620336121237, 0.646840474869516, 0.2062798660277761, 0.7369008090984546, 0.002209219616935225]
Tuple ID 281 :: [0.03651604197757134, 0.5395839277373552, 0.3293416580787588, 0.4296133026618573, 0.02070805803905617]
Tuple ID 290 :: [0.5462219037796473, 0.532218331718919, 0.9935277160226962, 0.05916331478355607, 0.03006511788352631]
Tuple ID 293 :: [0.1090869992548074, 0.1239694688115127, 0.04636518845631051, 0.2839170076343775, 0.05026327495009791]
Tuple ID 300 :: [0.7529352171127383, 0.5610604298119715, 0.1024428871937296, 0.1432241276573502, 0.1195841366982014]
Tuple ID 309 :: [0.2582568713735123, 0.4884499728160211, 0.7727059301793138, 0.05201032061689083, 0.1789517138055301]
Tuple ID 313 :: [0.7597712645119854, 0.6093557531057651, 0.1650151774124313, 0.01174529688979746, 0.5800483881402986]
Tuple ID 315 :: [0.6411881477763821, 0.04684728851860728, 0.6560984205715816, 0.4138940774900345, 0.0988576096011594]
Tuple ID 318 :: [0.01480689505804651, 0.2126450623444491, 0.03740633793054444, 0.2692393652485867, 0.3219822171712212]
Tuple ID 325 :: [0.2147973883965972, 0.003231046722843799, 0.1193787628409354, 0.1461353586735834, 0.9033935726170398]
Tuple ID 338 :: [0.1658817618926436, 0.9767978321652849, 0.4554416138936959, 0.01390492357961132, 0.4471226290087786]
Tuple ID 341 :: [0.04499100942397072, 0.2636165042704048, 0.2345144512292531, 0.2035780480148169, 0.4283085108866489]
Tuple ID 342 :: [0.9045385247583215, 0.03063366377290043, 0.5297540442690971, 0.222729346352969, 0.3472866254613207]
Tuple ID 345 :: [0.03501384194708142, 0.03793195823111197, 0.4620650096154143, 0.1325575728586677, 0.9306533997555512]
Tuple ID 348 :: [0.687545504741159, 0.04873851735551773, 0.1202426711657283, 0.2172995485445948, 0.2714678637084867]
Tuple ID 355 :: [0.1169945221007776, 0.2911882145754938, 0.5730774237648945, 0.8456330023918455, 0.002622577362983756]
Tuple ID 369 :: [0.4179471029983587, 0.7294985133826261, 0.0185558297757785, 0.0175197823054715, 0.2041856638175369]
Tuple ID 374 :: [0.9413109197939331, 0.003458079417915121, 0.06434158285350612, 0.4954079955329224, 0.3338942948420971]
Tuple ID 376 :: [0.2675784715765987, 0.4050886632898304, 0.07793705075883169, 0.1172706271136508, 0.1613528156473082]
Tuple ID 381 :: [0.09492296729931746, 0.9981418591915359, 0.2388733226055621, 0.1583157750583793, 0.5659587413845392]
Tuple ID 383 :: [0.1324002203216777, 0.01893290040033539, 0.06176055411890175, 0.81218858659835, 0.1742218826777404]
Tuple ID 387 :: [0.7705968105097286, 0.4633781739805723, 0.3982896508641027, 0.009470133115290727, 0.6216939490389516]
Tuple ID 391 :: [0.1996172509154385, 0.6773417269239862, 0.233943817780327, 0.04947319116884526, 0.2440694888327594]
Tuple ID 392 :: [0.8489121756744162, 0.6568997249272185, 0.1953364741966764, 0.2939907616442026, 0.02535493067715081]
Tuple ID 415 :: [0.6073866736178224, 0.006121951158215269, 0.0499329301761151, 0.4233779550638879, 0.5218344556735057]
Tuple ID 421 :: [0.3002745491919455, 0.102683221503479, 0.2889565612603708, 0.3502074793680606, 0.5260611770330281]
Tuple ID 423 :: [0.6343440286043771, 0.5130236402680276, 0.1265789680772363, 0.557002415674274, 0.01230126154250524]
Tuple ID 425 :: [0.06206658532007904, 0.02850038233608957, 0.1024344270594578, 0.3872726747706871, 0.7715780021490427]
Tuple ID 436 :: [0.2990067518777245, 0.2778729886179199, 0.4076727858780291, 0.5666180837743999, 0.01548439311584662]
Tuple ID 455 :: [0.2609629371487363, 0.54535572256211, 0.2130939900936065, 0.2520527393799521, 0.03200408910960149]
Tuple ID 470 :: [0.1533750668882276, 0.1491985247233876, 0.5593346755762281, 4.055909814339089E-4, 0.4376667884353859]
Tuple ID 475 :: [0.032735117260709, 0.1132073398275335, 0.9391211415357521, 0.1268124348143174, 0.5385678934578634]
Tuple ID 486 :: [0.9433148987327306, 0.03648885341197665, 0.4620333753815076, 0.2483950277084462, 0.552691751882756]
Tuple ID 493 :: [0.9721939973403672, 0.477862132004398, 0.02227287880250852, 0.07382376402328897, 0.4547968434425056]
Tuple ID 498 :: [0.6369585421108448, 0.05686903142224486, 0.07450543952849947, 0.05646078710279464, 0.8718507899306019]
Tuple ID 499 :: [0.4896558814168236, 0.02865478397750053, 0.3497129214693387, 0.5119287602193322, 0.1024785480007895]
Tuple ID 511 :: [0.2023099256690172, 0.7717229578512362, 0.7325678322150222, 0.03765777267406591, 0.04545407651246249]
Tuple ID 513 :: [0.2907993953166527, 0.2949012160743127, 0.2967066989730609, 0.201066761371245, 0.09534081914245189]
Tuple ID 517 :: [0.2156380886284812, 0.9927683873068394, 0.1019531437670594, 0.9482059208435034, 0.03042615951524403]
Tuple ID 542 :: [0.7982972705728827, 0.2778923405697068, 0.03438031302503325, 0.3559163936208544, 0.0535335890266735]
Tuple ID 566 :: [0.6537871023890502, 0.009352410216514213, 0.6097361154899635, 0.6056369811322713, 0.003861987033794628]
Tuple ID 601 :: [0.05875869051495506, 0.01388110733306087, 0.622211581385793, 0.0391350509781088, 0.2215512144479674]
Tuple ID 612 :: [0.07845848942103725, 0.5340251776082559, 0.5804224673567444, 0.1017816169661384, 0.0133406026350989]
Tuple ID 614 :: [0.1286238851624652, 0.05361326413863025, 0.6630912528667092, 0.5348475596564112, 0.08918389589022095]
Tuple ID 618 :: [0.02179833036931154, 0.8297535371173889, 0.01196820894813547, 0.6022207981917173, 0.9315351540835273]
Tuple ID 619 :: [0.02530881158323437, 0.5906023879491735, 0.6711354142386166, 0.5767235302257927, 8.242074404024554E-4]
Tuple ID 627 :: [0.1392212832063536, 0.003858286889203958, 0.8255964554034158, 0.96893850759088, 0.921836825051269]
Tuple ID 630 :: [0.3863937768090487, 0.5104017548777171, 0.2904230194587368, 0.0184091073546601, 0.1020483063077779]
Tuple ID 651 :: [0.03822872975758684, 0.1357054613231241, 0.5008977565452911, 0.09772109151711739, 0.02345313458864257]
Tuple ID 661 :: [0.4475635189784521, 0.001325726975372865, 0.1308421311577978, 0.7057596914031355, 0.6187122401868516]
Tuple ID 663 :: [0.6925422668887965, 0.2721331199966991, 0.03164946429042587, 0.1157515845800525, 0.2583683218147458]
Tuple ID 671 :: [0.6307731492588171, 0.09805744984096729, 0.4830830616332046, 0.1220132290022509, 0.04381740514366766]
Tuple ID 722 :: [0.07702887108411122, 0.6433999774248339, 0.09140267646471163, 0.01921731234491678, 0.594273298324213]
Tuple ID 784 :: [0.3588251864345862, 0.5600232843123485, 0.2489919686918109, 0.00328197283823135, 0.716548436654987]
Tuple ID 812 :: [0.003332223279090702, 0.01437727781682148, 0.4258257385463574, 0.7912609664682583, 0.4055553844224454]
Tuple ID 813 :: [0.1344700400412409, 0.5160454928484026, 0.2528849603854516, 0.09186448813037225, 0.3107901463800996]
Tuple ID 823 :: [0.1518648598118987, 0.1980830809092536, 0.1307145227355485, 0.02936276375752071, 0.25163417228108]
Tuple ID 911 :: [0.3583267533026295, 0.3535843390755282, 0.1078502988013673, 0.1331525464230927, 0.05050188817572868]
Tuple ID 965 :: [0.8681196551155856, 0.4812802506989242, 0.6050322370627114, 0.00846868288166294, 0.04843988271823148]
Tuple ID 518 :: [0.1474072202795219, 0.6605257432258342, 0.005910327195148136, 0.2711021808307162, 0.7917701838499728]
Tuple ID 553 :: [0.4557009867651858, 0.5129062181864429, 0.01061712205904402, 0.3939484308445586, 0.8671267390563743]
Tuple ID 555 :: [0.5280787141658733, 0.0698885443014505, 0.7514390925650667, 0.4013063467113797, 0.1252751025023288]
Tuple ID 563 :: [0.2584132166851373, 0.1646542005076325, 0.03584769835502268, 0.926588504541008, 0.09896632288534489]
Tuple ID 564 :: [0.2211706015379963, 0.0688135284319583, 0.3319169638361395, 0.3755640021411534, 0.4953545851145659]
Tuple ID 568 :: [0.4503449157114816, 0.5395485807860031, 0.4173127591690574, 0.8353457110167228, 0.004937937019829609]
Tuple ID 569 :: [0.8815209748603036, 0.09375892770186017, 0.1695921375274622, 0.9173686736809875, 0.02034743177720692]
Tuple ID 577 :: [0.883895982002791, 0.1748500085318694, 0.3357122821433993, 0.2354531591923224, 0.1369621819522987]
Tuple ID 579 :: [0.9743977142378677, 0.04341461371789435, 0.2708025603884843, 0.7451715221373232, 0.1447911305095959]
Tuple ID 582 :: [0.7377245126933439, 0.06557927935644019, 0.1784297484804083, 0.1075172173359977, 0.6559137430302397]
Tuple ID 592 :: [0.596957950199469, 0.3268044089557623, 7.676933895646098E-4, 0.797337120770168, 0.9000650490168784]
Tuple ID 636 :: [0.5215826502635994, 0.05239923859592491, 0.7568463351376571, 0.8120056697223362, 0.07080834595058502]
Tuple ID 642 :: [0.6480178700983608, 0.01100687962537952, 0.5220749809043831, 0.4048642047703565, 0.8230125493477157]
Tuple ID 647 :: [0.6090682901484279, 0.5362426501401899, 0.5863033144671019, 0.0106415790555261, 0.02566687950196996]
Tuple ID 648 :: [0.05597905584423759, 0.6586594491538869, 0.03667375912734948, 0.5780540367486207, 0.06352365392424336]
Tuple ID 676 :: [0.52138581058075, 0.1369748493363032, 0.7175080597947855, 0.05879310148711926, 0.2059927891036462]
Tuple ID 684 :: [0.03203816853092898, 0.3220697484547597, 0.7026407759183276, 0.3079708951096846, 0.1441561086774599]
Tuple ID 686 :: [0.7788028054771958, 0.06911377239465423, 0.4443496085909892, 0.4959728859811895, 0.06223860944725508]
Tuple ID 689 :: [0.8539991559712212, 0.1133626993342129, 0.9523075194807292, 0.07445784475396287, 0.08756480323503017]
Tuple ID 697 :: [0.9344784374975034, 0.9974514772172326, 0.2644996923694851, 0.0998469428624245, 0.133326347513742]
Tuple ID 705 :: [0.3967839881762787, 0.04322245672495219, 0.08178270239465996, 0.2018985195094247, 0.8128214580066602]
Tuple ID 708 :: [0.4892984928979066, 0.0858310554576251, 0.8608338459678152, 0.03734659917529048, 0.7750250849756529]
Tuple ID 709 :: [0.2666198700976651, 0.0258530578696416, 0.3986975510598614, 0.6698573719104087, 0.2788592089334779]
Tuple ID 711 :: [0.1579493918260324, 0.01877432922775593, 0.8342115501101183, 0.2397320942206923, 0.2206728487371806]
Tuple ID 712 :: [0.6470330076511172, 0.08016558786861859, 0.09931642380511221, 0.3914052640979203, 0.06913780051709051]
Tuple ID 741 :: [0.744841486096774, 0.01283043344171272, 0.9618431730018199, 0.4746513420132228, 0.1330312677347247]
Tuple ID 742 :: [0.3832848893400677, 0.7760500683337683, 0.03016743903521795, 0.23538847697684, 0.4170509969895012]
Tuple ID 746 :: [0.5253725105549081, 0.6731350038541178, 0.9408837281823548, 0.05622323884452844, 0.02291600966030546]
Tuple ID 748 :: [0.1687777108367429, 0.2054242990936266, 0.05176613528829354, 0.1989451498719608, 0.4408127760704666]
Tuple ID 751 :: [0.03262501677154797, 0.9615956563323717, 0.0666617011030492, 0.289517516405097, 0.2432425214179058]
Tuple ID 757 :: [0.1093446999366138, 0.7901245103171675, 0.01408411889061524, 0.1760064010396629, 0.0796420262566032]
Tuple ID 763 :: [0.8374173789459362, 0.0403683195078598, 0.01783548761989711, 0.8515014978365514, 0.2163747205475227]
Tuple ID 785 :: [0.02259481745892894, 0.1647644346415831, 0.1989325132216013, 0.747156884869168, 0.133313830072672]
Tuple ID 796 :: [0.4952238204401098, 0.00236773491016018, 0.6816251425452647, 0.2645249363335431, 0.2855425315376103]
Tuple ID 803 :: [0.5048453204822007, 0.118117527159917, 0.2522207043376848, 0.09615746564052881, 0.8784170341111799]
Tuple ID 808 :: [0.1743295021235615, 0.09265693141736879, 0.8267483137672527, 0.3936322910681517, 0.07219435138264407]
Tuple ID 819 :: [0.5555189557166392, 0.009947969117177637, 0.3641897735019167, 0.8084039161020908, 0.1018124572475499]
Tuple ID 828 :: [0.04834862335042498, 0.9640115727502907, 0.5873047009051333, 0.003052580171754854, 0.7065752640862834]
Tuple ID 829 :: [0.01435045013872462, 0.1549174399836536, 0.9046583454611983, 0.1450649728742731, 0.1842802037411743]
Tuple ID 832 :: [0.5796007768156011, 0.8484822073245804, 0.3381547757136425, 0.01050394541141761, 0.6827419659508122]
Tuple ID 836 :: [0.8313389708433947, 0.5608314771954117, 0.1511494750860843, 0.4946341293373304, 0.0256414814040258]
Tuple ID 842 :: [0.8786439182603005, 0.6403725117632991, 0.2173314048989357, 0.02979339288072353, 0.1350066411006295]
Tuple ID 843 :: [0.2429728863029615, 0.008573043629793936, 0.647428813226255, 0.8900861404324352, 0.7867662137312658]
Tuple ID 848 :: [0.2616555314798167, 0.2072170163538386, 0.009077605795617031, 0.4789869368444136, 0.2370104092345622]
Tuple ID 850 :: [0.03234966659562181, 0.3335929416742143, 0.2915686714889336, 0.1769098263126378, 0.618806098875965]
Tuple ID 857 :: [0.5968120631747004, 0.3564713226428587, 0.764388152754115, 0.9267065599219438, 0.0022726752805862]
Tuple ID 860 :: [0.6181897938336198, 0.1780699487673444, 0.3609316932786869, 9.567127567514371E-4, 0.8868856653044399]
Tuple ID 872 :: [0.007958965845386948, 0.8598016290272593, 0.9144731494199825, 0.1176692634437556, 0.0935963741939498]
Tuple ID 893 :: [0.7039601992368513, 0.4259246021629892, 0.4902578697028839, 0.02094543633095242, 0.3185638512105513]
Tuple ID 894 :: [0.08173451809293335, 0.3945064863164474, 0.4574200480512436, 0.6406893109160892, 0.04798156490921116]
Tuple ID 908 :: [0.4647891025360623, 4.106010312263859E-4, 0.9088596114464382, 0.9509374345424294, 0.9703370062496219]
Tuple ID 909 :: [0.8177454782732508, 0.3685226181375434, 0.8326842942427305, 0.05159237843546662, 0.1018605530736319]
Tuple ID 943 :: [0.02561250097379671, 0.100344063760873, 0.3032542272951707, 0.2784457464136396, 0.8551188022154936]
Tuple ID 950 :: [0.9124904712254602, 0.1230740245073447, 0.2093379060781272, 0.8953850678612408, 0.05044067560249971]
Tuple ID 954 :: [0.5295571012094417, 0.1528963577714266, 0.02108349046720354, 0.3619933889070495, 0.3422370251930491]
Tuple ID 960 :: [0.2696955712836681, 0.096716733228749, 0.348338439757162, 0.2907790617508716, 0.4587101221357985]
Tuple ID 961 :: [0.690575464950211, 0.2688901570015075, 0.06667278989528902, 0.2477656580730181, 0.3043729217277714]
Tuple ID 963 :: [0.09570446009547658, 0.8348200385620911, 0.03552681535274108, 0.3171521915668399, 0.9415265377338634]
Tuple ID 964 :: [0.02414656478173405, 0.4912848568015196, 0.4414105766645682, 0.7972917774679567, 0.0107391686228752]
Tuple ID 970 :: [0.1748642316902355, 0.003463807051751673, 0.2986940603231518, 0.616274808820465, 0.8007555849853696]
Tuple ID 975 :: [0.04295474991339945, 0.1195937204731599, 0.2048201478108858, 0.2762924443354329, 0.09891096274317752]
Tuple ID 976 :: [0.01222935086685668, 0.4511566760256685, 0.1023747702605905, 0.3109234111900085, 0.06743148438047221]
Tuple ID 982 :: [0.001257820521135731, 0.5851146213640993, 0.2356528803872191, 0.1036325907817262, 0.8960380325541077]
Tuple ID 983 :: [0.3030843647676913, 0.006762945562025041, 0.5163946726901432, 0.8549103130842142, 0.1919291360266177]
Tuple ID 991 :: [0.356942361852593, 0.2331969627333791, 0.5631827686741868, 0.2279454773422077, 0.002815565095662868]
Tuple ID 997 :: [0.7725009758828678, 0.7729333791755761, 0.1582038994683902, 0.3356837440913933, 8.788560521224775E-4]
Tuple ID 999 :: [0.7237553492764734, 0.4031911615297157, 0.01572450949611352, 0.2402534728125918, 0.6160000635385514]
 
Total running time :: 809ms
Total tuple comparisons :: 34442
Size of skyline set :: 166

********** END of BNL algorithm implementation **********


**********Start of SFS algorithm implementation **********

Generating skyline set with SFS algorithm
Tuple ID 293 :: [0.1090869992548074, 0.1239694688115127, 0.04636518845631051, 0.2839170076343775, 0.05026327495009791]
Tuple ID 975 :: [0.04295474991339945, 0.1195937204731599, 0.2048201478108858, 0.2762924443354329, 0.09891096274317752]
Tuple ID 255 :: [4.687765615381191E-5, 0.1549266512295821, 0.3077632222826421, 0.03165323381854838, 0.2670832151859455]
Tuple ID 651 :: [0.03822872975758684, 0.1357054613231241, 0.5008977565452911, 0.09772109151711739, 0.02345313458864257]
Tuple ID 823 :: [0.1518648598118987, 0.1980830809092536, 0.1307145227355485, 0.02936276375752071, 0.25163417228108]
Tuple ID 155 :: [0.04391530437577297, 0.02386319917806573, 0.005076203031966557, 0.4872541630115612, 0.2928855597474079]
Tuple ID 318 :: [0.01480689505804651, 0.2126450623444491, 0.03740633793054444, 0.2692393652485867, 0.3219822171712212]
Tuple ID 601 :: [0.05875869051495506, 0.01388110733306087, 0.622211581385793, 0.0391350509781088, 0.2215512144479674]
Tuple ID 976 :: [0.01222935086685668, 0.4511566760256685, 0.1023747702605905, 0.3109234111900085, 0.06743148438047221]
Tuple ID 12 :: [0.3488929352485076, 0.06417132078864207, 0.02002304886468828, 0.4577017372742769, 0.06309583832653977]
Tuple ID 911 :: [0.3583267533026295, 0.3535843390755282, 0.1078502988013673, 0.1331525464230927, 0.05050188817572868]
Tuple ID 234 :: [0.1820028541525839, 0.2435276872681117, 0.02457549517255998, 0.138113731582702, 0.4176634333178696]
Tuple ID 376 :: [0.2675784715765987, 0.4050886632898304, 0.07793705075883169, 0.1172706271136508, 0.1613528156473082]
Tuple ID 142 :: [0.189063612925384, 0.591110599502507, 0.05343939878672333, 0.1014541541698641, 0.1572750933269388]
Tuple ID 757 :: [0.1093446999366138, 0.7901245103171675, 0.01408411889061524, 0.1760064010396629, 0.0796420262566032]
Tuple ID 748 :: [0.1687777108367429, 0.2054242990936266, 0.05176613528829354, 0.1989451498719608, 0.4408127760704666]
Tuple ID 383 :: [0.1324002203216777, 0.01893290040033539, 0.06176055411890175, 0.81218858659835, 0.1742218826777404]
Tuple ID 341 :: [0.04499100942397072, 0.2636165042704048, 0.2345144512292531, 0.2035780480148169, 0.4283085108866489]
Tuple ID 848 :: [0.2616555314798167, 0.2072170163538386, 0.009077605795617031, 0.4789869368444136, 0.2370104092345622]
Tuple ID 785 :: [0.02259481745892894, 0.1647644346415831, 0.1989325132216013, 0.747156884869168, 0.133313830072672]
Tuple ID 513 :: [0.2907993953166527, 0.2949012160743127, 0.2967066989730609, 0.201066761371245, 0.09534081914245189]
Tuple ID 712 :: [0.6470330076511172, 0.08016558786861859, 0.09931642380511221, 0.3914052640979203, 0.06913780051709051]
Tuple ID 612 :: [0.07845848942103725, 0.5340251776082559, 0.5804224673567444, 0.1017816169661384, 0.0133406026350989]
Tuple ID 259 :: [0.2464756570972854, 0.1949475049949007, 0.1277427008039051, 0.1011237167292851, 0.584997878682333]
Tuple ID 249 :: [0.2479623124226752, 0.193564050921036, 0.03160635616239457, 0.1121565639563634, 0.7272757229987884]
Tuple ID 425 :: [0.06206658532007904, 0.02850038233608957, 0.1024344270594578, 0.3872726747706871, 0.7715780021490427]
Tuple ID 470 :: [0.1533750668882276, 0.1491985247233876, 0.5593346755762281, 4.055909814339089E-4, 0.4376667884353859]
Tuple ID 325 :: [0.2147973883965972, 0.003231046722843799, 0.1193787628409354, 0.1461353586735834, 0.9033935726170398]
Tuple ID 5 :: [0.01630057162432958, 0.242886770629737, 0.1372315767860187, 0.8041767542269904, 0.1566790892540846]
Tuple ID 829 :: [0.01435045013872462, 0.1549174399836536, 0.9046583454611983, 0.1450649728742731, 0.1842802037411743]
Tuple ID 630 :: [0.3863937768090487, 0.5104017548777171, 0.2904230194587368, 0.0184091073546601, 0.1020483063077779]
Tuple ID 648 :: [0.05597905584423759, 0.6586594491538869, 0.03667375912734948, 0.5780540367486207, 0.06352365392424336]
Tuple ID 455 :: [0.2609629371487363, 0.54535572256211, 0.2130939900936065, 0.2520527393799521, 0.03200408910960149]
Tuple ID 369 :: [0.4179471029983587, 0.7294985133826261, 0.0185558297757785, 0.0175197823054715, 0.2041856638175369]
Tuple ID 348 :: [0.687545504741159, 0.04873851735551773, 0.1202426711657283, 0.2172995485445948, 0.2714678637084867]
Tuple ID 813 :: [0.1344700400412409, 0.5160454928484026, 0.2528849603854516, 0.09186448813037225, 0.3107901463800996]
Tuple ID 281 :: [0.03651604197757134, 0.5395839277373552, 0.3293416580787588, 0.4296133026618573, 0.02070805803905617]
Tuple ID 671 :: [0.6307731492588171, 0.09805744984096729, 0.4830830616332046, 0.1220132290022509, 0.04381740514366766]
Tuple ID 663 :: [0.6925422668887965, 0.2721331199966991, 0.03164946429042587, 0.1157515845800525, 0.2583683218147458]
Tuple ID 722 :: [0.07702887108411122, 0.6433999774248339, 0.09140267646471163, 0.01921731234491678, 0.594273298324213]
Tuple ID 218 :: [0.004726512825454824, 0.1882480602656715, 0.2871894618902306, 0.6275178234221032, 0.2618859220584323]
Tuple ID 133 :: [0.1266692425714197, 0.2275518841238468, 0.9469246663837343, 0.01386625692894042, 0.1608244227994347]
Tuple ID 563 :: [0.2584132166851373, 0.1646542005076325, 0.03584769835502268, 0.926588504541008, 0.09896632288534489]
Tuple ID 991 :: [0.356942361852593, 0.2331969627333791, 0.5631827686741868, 0.2279454773422077, 0.002815565095662868]
Tuple ID 272 :: [0.04651266897400499, 0.9692097664667338, 0.2963716784940901, 0.1691767075886841, 0.03681759631113037]
Tuple ID 391 :: [0.1996172509154385, 0.6773417269239862, 0.233943817780327, 0.04947319116884526, 0.2440694888327594]
Tuple ID 711 :: [0.1579493918260324, 0.01877432922775593, 0.8342115501101183, 0.2397320942206923, 0.2206728487371806]
Tuple ID 954 :: [0.5295571012094417, 0.1528963577714266, 0.02108349046720354, 0.3619933889070495, 0.3422370251930491]
Tuple ID 126 :: [0.2426258387242564, 0.01891075494648458, 0.3438413796684898, 0.009073435333125962, 0.9236922631616202]
Tuple ID 614 :: [0.1286238851624652, 0.05361326413863025, 0.6630912528667092, 0.5348475596564112, 0.08918389589022095]
Tuple ID 850 :: [0.03234966659562181, 0.3335929416742143, 0.2915686714889336, 0.1769098263126378, 0.618806098875965]
Tuple ID 542 :: [0.7982972705728827, 0.2778923405697068, 0.03438031302503325, 0.3559163936208544, 0.0535335890266735]
Tuple ID 235 :: [0.2122686641347914, 0.3852816058254249, 0.7778277181916999, 0.1296633994810578, 0.01316146413477206]
Tuple ID 345 :: [0.03501384194708142, 0.03793195823111197, 0.4620650096154143, 0.1325575728586677, 0.9306533997555512]
Tuple ID 705 :: [0.3967839881762787, 0.04322245672495219, 0.08178270239465996, 0.2018985195094247, 0.8128214580066602]
Tuple ID 499 :: [0.4896558814168236, 0.02865478397750053, 0.3497129214693387, 0.5119287602193322, 0.1024785480007895]
Tuple ID 751 :: [0.03262501677154797, 0.9615956563323717, 0.0666617011030492, 0.289517516405097, 0.2432425214179058]
Tuple ID 684 :: [0.03203816853092898, 0.3220697484547597, 0.7026407759183276, 0.3079708951096846, 0.1441561086774599]
Tuple ID 943 :: [0.02561250097379671, 0.100344063760873, 0.3032542272951707, 0.2784457464136396, 0.8551188022154936]
Tuple ID 808 :: [0.1743295021235615, 0.09265693141736879, 0.8267483137672527, 0.3936322910681517, 0.07219435138264407]
Tuple ID 960 :: [0.2696955712836681, 0.096716733228749, 0.348338439757162, 0.2907790617508716, 0.4587101221357985]
Tuple ID 564 :: [0.2211706015379963, 0.0688135284319583, 0.3319169638361395, 0.3755640021411534, 0.4953545851145659]
Tuple ID 96 :: [0.6778123624053841, 0.1528758020852114, 0.03289265047427856, 0.06356059716248913, 0.6857217921343268]
Tuple ID 187 :: [0.2842892810163504, 0.07675337655318593, 0.8800087081640999, 0.1727221324912841, 0.178986642593046]
Tuple ID 115 :: [0.05872324344642611, 0.07426042997942327, 0.6407663308273844, 0.597279760333374, 0.2226023679704416]
Tuple ID 812 :: [0.003332223279090702, 0.01437727781682148, 0.4258257385463574, 0.7912609664682583, 0.4055553844224454]
Tuple ID 498 :: [0.6369585421108448, 0.05686903142224486, 0.07450543952849947, 0.05646078710279464, 0.8718507899306019]
Tuple ID 415 :: [0.6073866736178224, 0.006121951158215269, 0.0499329301761151, 0.4233779550638879, 0.5218344556735057]
Tuple ID 436 :: [0.2990067518777245, 0.2778729886179199, 0.4076727858780291, 0.5666180837743999, 0.01548439311584662]
Tuple ID 202 :: [0.005843191876003143, 0.2686842276103256, 0.1916303100025422, 0.6933702876294825, 0.4440973333288437]
Tuple ID 961 :: [0.690575464950211, 0.2688901570015075, 0.06667278989528902, 0.2477656580730181, 0.3043729217277714]
Tuple ID 172 :: [0.8671973472774016, 0.0626739492000425, 0.04718260608947957, 0.5270749565805658, 0.1771329805148453]
Tuple ID 195 :: [0.2931714767092706, 0.1845774320813722, 0.002827793826734551, 0.9007718115582931, 0.2887516134831829]
Tuple ID 271 :: [0.7035706786921111, 0.2206785447060496, 0.006425603295874598, 0.04389128277259473, 0.7282956739553695]
Tuple ID 894 :: [0.08173451809293335, 0.3945064863164474, 0.4574200480512436, 0.6406893109160892, 0.04798156490921116]
Tuple ID 676 :: [0.52138581058075, 0.1369748493363032, 0.7175080597947855, 0.05879310148711926, 0.2059927891036462]
Tuple ID 421 :: [0.3002745491919455, 0.102683221503479, 0.2889565612603708, 0.3502074793680606, 0.5260611770330281]
Tuple ID 157 :: [0.1909835483836865, 0.4836483506875338, 0.9233807599746533, 0.04339471228578813, 0.08441099528428679]
Tuple ID 246 :: [0.1388449590368406, 0.7052999430826399, 0.2325650533812889, 0.5971135104061633, 0.007880083754602859]
Tuple ID 300 :: [0.7529352171127383, 0.5610604298119715, 0.1024428871937296, 0.1432241276573502, 0.1195841366982014]
Tuple ID 475 :: [0.032735117260709, 0.1132073398275335, 0.9391211415357521, 0.1268124348143174, 0.5385678934578634]
Tuple ID 267 :: [0.1122053508237961, 0.3240963482875825, 0.1062718541856258, 0.2566733142624951, 0.8883480894790721]
Tuple ID 709 :: [0.2666198700976651, 0.0258530578696416, 0.3986975510598614, 0.6698573719104087, 0.2788592089334779]
Tuple ID 170 :: [0.43375842014037, 0.005434890280214553, 0.6497865494572495, 0.1262218813068335, 0.46194906693974]
Tuple ID 91 :: [0.5553977361672547, 0.01457934361630089, 0.3802146736440317, 0.3821671462534774, 0.3054080062105358]
Tuple ID 29 :: [0.07452980059875632, 0.9501040316885822, 0.05252926240327268, 0.5215633798025378, 0.1762106563785163]
Tuple ID 207 :: [0.3862986515212332, 0.1403379892652566, 0.4265545212787364, 0.1033902299140534, 0.6004054432736735]
Tuple ID 204 :: [0.4264115590725148, 0.3435200370585174, 0.05046626648421691, 0.09431987958695734, 0.8093548090240708]
Tuple ID 964 :: [0.02414656478173405, 0.4912848568015196, 0.4414105766645682, 0.7972917774679567, 0.0107391686228752]
Tuple ID 582 :: [0.7377245126933439, 0.06557927935644019, 0.1784297484804083, 0.1075172173359977, 0.6559137430302397]
Tuple ID 511 :: [0.2023099256690172, 0.7717229578512362, 0.7325678322150222, 0.03765777267406591, 0.04545407651246249]
Tuple ID 647 :: [0.6090682901484279, 0.5362426501401899, 0.5863033144671019, 0.0106415790555261, 0.02566687950196996]
Tuple ID 796 :: [0.4952238204401098, 0.00236773491016018, 0.6816251425452647, 0.2645249363335431, 0.2855425315376103]
Tuple ID 982 :: [0.001257820521135731, 0.5851146213640993, 0.2356528803872191, 0.1036325907817262, 0.8960380325541077]
Tuple ID 309 :: [0.2582568713735123, 0.4884499728160211, 0.7727059301793138, 0.05201032061689083, 0.1789517138055301]
Tuple ID 374 :: [0.9413109197939331, 0.003458079417915121, 0.06434158285350612, 0.4954079955329224, 0.3338942948420971]
Tuple ID 577 :: [0.883895982002791, 0.1748500085318694, 0.3357122821433993, 0.2354531591923224, 0.1369621819522987]
Tuple ID 355 :: [0.1169945221007776, 0.2911882145754938, 0.5730774237648945, 0.8456330023918455, 0.002622577362983756]
Tuple ID 819 :: [0.5555189557166392, 0.009947969117177637, 0.3641897735019167, 0.8084039161020908, 0.1018124572475499]
Tuple ID 619 :: [0.02530881158323437, 0.5906023879491735, 0.6711354142386166, 0.5767235302257927, 8.242074404024554E-4]
Tuple ID 274 :: [0.2492620336121237, 0.646840474869516, 0.2062798660277761, 0.7369008090984546, 0.002209219616935225]
Tuple ID 566 :: [0.6537871023890502, 0.009352410216514213, 0.6097361154899635, 0.6056369811322713, 0.003861987033794628]
Tuple ID 803 :: [0.5048453204822007, 0.118117527159917, 0.2522207043376848, 0.09615746564052881, 0.8784170341111799]
Tuple ID 686 :: [0.7788028054771958, 0.06911377239465423, 0.4443496085909892, 0.4959728859811895, 0.06223860944725508]
Tuple ID 518 :: [0.1474072202795219, 0.6605257432258342, 0.005910327195148136, 0.2711021808307162, 0.7917701838499728]
Tuple ID 763 :: [0.8374173789459362, 0.0403683195078598, 0.01783548761989711, 0.8515014978365514, 0.2163747205475227]
Tuple ID 842 :: [0.8786439182603005, 0.6403725117632991, 0.2173314048989357, 0.02979339288072353, 0.1350066411006295]
Tuple ID 872 :: [0.007958965845386948, 0.8598016290272593, 0.9144731494199825, 0.1176692634437556, 0.0935963741939498]
Tuple ID 423 :: [0.6343440286043771, 0.5130236402680276, 0.1265789680772363, 0.557002415674274, 0.01230126154250524]
Tuple ID 983 :: [0.3030843647676913, 0.006762945562025041, 0.5163946726901432, 0.8549103130842142, 0.1919291360266177]
Tuple ID 315 :: [0.6411881477763821, 0.04684728851860728, 0.6560984205715816, 0.4138940774900345, 0.0988576096011594]
Tuple ID 742 :: [0.3832848893400677, 0.7760500683337683, 0.03016743903521795, 0.23538847697684, 0.4170509969895012]
Tuple ID 970 :: [0.1748642316902355, 0.003463807051751673, 0.2986940603231518, 0.616274808820465, 0.8007555849853696]
Tuple ID 143 :: [0.2441486126017517, 0.1361705098003943, 0.5891186062195891, 0.05805228280744156, 0.8895531882948955]
Tuple ID 210 :: [0.9700420861924263, 0.9587534526170945, 0.08852830300504728, 0.02050835221098193, 0.05307333173839065]
Tuple ID 555 :: [0.5280787141658733, 0.0698885443014505, 0.7514390925650667, 0.4013063467113797, 0.1252751025023288]
Tuple ID 661 :: [0.4475635189784521, 0.001325726975372865, 0.1308421311577978, 0.7057596914031355, 0.6187122401868516]
Tuple ID 784 :: [0.3588251864345862, 0.5600232843123485, 0.2489919686918109, 0.00328197283823135, 0.716548436654987]
Tuple ID 493 :: [0.9721939973403672, 0.477862132004398, 0.02227287880250852, 0.07382376402328897, 0.4547968434425056]
Tuple ID 244 :: [0.09962934353371586, 0.9508852706993396, 0.3237548434751829, 0.5764793462941793, 0.04337900785886636]
Tuple ID 965 :: [0.8681196551155856, 0.4812802506989242, 0.6050322370627114, 0.00846868288166294, 0.04843988271823148]
Tuple ID 569 :: [0.8815209748603036, 0.09375892770186017, 0.1695921375274622, 0.9173686736809875, 0.02034743177720692]
Tuple ID 689 :: [0.8539991559712212, 0.1133626993342129, 0.9523075194807292, 0.07445784475396287, 0.08756480323503017]
Tuple ID 266 :: [0.9253184836941392, 0.5680760050043817, 0.1226640386146791, 0.06760782984439648, 0.3371504905340962]
Tuple ID 223 :: [0.1860285388240724, 0.7297015663840349, 0.3807119845322855, 0.006954181011279198, 0.6980962696010695]
Tuple ID 392 :: [0.8489121756744162, 0.6568997249272185, 0.1953364741966764, 0.2939907616442026, 0.02535493067715081]
Tuple ID 997 :: [0.7725009758828678, 0.7729333791755761, 0.1582038994683902, 0.3356837440913933, 8.788560521224775E-4]
Tuple ID 893 :: [0.7039601992368513, 0.4259246021629892, 0.4902578697028839, 0.02094543633095242, 0.3185638512105513]
Tuple ID 48 :: [0.003231459764405834, 0.3449429549951772, 0.5984812996343157, 0.8332432940757104, 0.2338917046943175]
Tuple ID 860 :: [0.6181897938336198, 0.1780699487673444, 0.3609316932786869, 9.567127567514371E-4, 0.8868856653044399]
Tuple ID 381 :: [0.09492296729931746, 0.9981418591915359, 0.2388733226055621, 0.1583157750583793, 0.5659587413845392]
Tuple ID 338 :: [0.1658817618926436, 0.9767978321652849, 0.4554416138936959, 0.01390492357961132, 0.4471226290087786]
Tuple ID 999 :: [0.7237553492764734, 0.4031911615297157, 0.01572450949611352, 0.2402534728125918, 0.6160000635385514]
Tuple ID 342 :: [0.9045385247583215, 0.03063366377290043, 0.5297540442690971, 0.222729346352969, 0.3472866254613207]
Tuple ID 836 :: [0.8313389708433947, 0.5608314771954117, 0.1511494750860843, 0.4946341293373304, 0.0256414814040258]
Tuple ID 98 :: [0.005709141961163441, 0.3052388165636169, 0.2615703215177964, 0.6553681067448892, 0.8575552123866766]
Tuple ID 97 :: [0.1876164121495636, 0.6189583337954051, 0.700301136216289, 0.5678310857935953, 0.001125479583221245]
Tuple ID 290 :: [0.5462219037796473, 0.532218331718919, 0.9935277160226962, 0.05916331478355607, 0.03006511788352631]
Tuple ID 950 :: [0.9124904712254602, 0.1230740245073447, 0.2093379060781272, 0.8953850678612408, 0.05044067560249971]
Tuple ID 579 :: [0.9743977142378677, 0.04341461371789435, 0.2708025603884843, 0.7451715221373232, 0.1447911305095959]
Tuple ID 313 :: [0.7597712645119854, 0.6093557531057651, 0.1650151774124313, 0.01174529688979746, 0.5800483881402986]
Tuple ID 909 :: [0.8177454782732508, 0.3685226181375434, 0.8326842942427305, 0.05159237843546662, 0.1018605530736319]
Tuple ID 963 :: [0.09570446009547658, 0.8348200385620911, 0.03552681535274108, 0.3171521915668399, 0.9415265377338634]
Tuple ID 746 :: [0.5253725105549081, 0.6731350038541178, 0.9408837281823548, 0.05622323884452844, 0.02291600966030546]
Tuple ID 517 :: [0.2156380886284812, 0.9927683873068394, 0.1019531437670594, 0.9482059208435034, 0.03042615951524403]
Tuple ID 75 :: [0.8975602662645096, 0.1360746119805028, 0.4107879378883112, 0.005408548286840575, 0.7832819939513141]
Tuple ID 636 :: [0.5215826502635994, 0.05239923859592491, 0.7568463351376571, 0.8120056697223362, 0.07080834595058502]
Tuple ID 708 :: [0.4892984928979066, 0.0858310554576251, 0.8608338459678152, 0.03734659917529048, 0.7750250849756529]
Tuple ID 828 :: [0.04834862335042498, 0.9640115727502907, 0.5873047009051333, 0.003052580171754854, 0.7065752640862834]
Tuple ID 486 :: [0.9433148987327306, 0.03648885341197665, 0.4620333753815076, 0.2483950277084462, 0.552691751882756]
Tuple ID 57 :: [0.984363202929666, 0.003578574398336268, 0.8273911354259547, 0.3314790755191255, 0.1882010419798089]
Tuple ID 741 :: [0.744841486096774, 0.01283043344171272, 0.9618431730018199, 0.4746513420132228, 0.1330312677347247]
Tuple ID 553 :: [0.4557009867651858, 0.5129062181864429, 0.01061712205904402, 0.3939484308445586, 0.8671267390563743]
Tuple ID 568 :: [0.4503449157114816, 0.5395485807860031, 0.4173127591690574, 0.8353457110167228, 0.004937937019829609]
Tuple ID 618 :: [0.02179833036931154, 0.8297535371173889, 0.01196820894813547, 0.6022207981917173, 0.9315351540835273]
Tuple ID 387 :: [0.7705968105097286, 0.4633781739805723, 0.3982896508641027, 0.009470133115290727, 0.6216939490389516]
Tuple ID 697 :: [0.9344784374975034, 0.9974514772172326, 0.2644996923694851, 0.0998469428624245, 0.133326347513742]
Tuple ID 35 :: [0.8705398649305757, 0.07232879943788462, 0.004161608873010431, 0.9230691273338484, 0.5938921792404224]
Tuple ID 138 :: [0.9979698951346659, 0.03566643830186987, 0.5235483751276268, 0.2009468740788041, 0.6617915787090508]
Tuple ID 642 :: [0.6480178700983608, 0.01100687962537952, 0.5220749809043831, 0.4048642047703565, 0.8230125493477157]
Tuple ID 832 :: [0.5796007768156011, 0.8484822073245804, 0.3381547757136425, 0.01050394541141761, 0.6827419659508122]
Tuple ID 843 :: [0.2429728863029615, 0.008573043629793936, 0.647428813226255, 0.8900861404324352, 0.7867662137312658]
Tuple ID 592 :: [0.596957950199469, 0.3268044089557623, 7.676933895646098E-4, 0.797337120770168, 0.9000650490168784]
Tuple ID 857 :: [0.5968120631747004, 0.3564713226428587, 0.764388152754115, 0.9267065599219438, 0.0022726752805862]
Tuple ID 627 :: [0.1392212832063536, 0.003858286889203958, 0.8255964554034158, 0.96893850759088, 0.921836825051269]
Tuple ID 908 :: [0.4647891025360623, 4.106010312263859E-4, 0.9088596114464382, 0.9509374345424294, 0.9703370062496219]
 
Total running time :: 608ms
Total tuple comparisons :: 17201
Size of skyline set :: 166
********** END of SFS algorithm implementation **********
