C:\Users\Swapnil\Desktop\Demo1>java -jar Skyline.jar data_ind.txt query_4.txt

********** Reading Query **********

Query read time :: 16ms
Window size ::100000
dimension set :: [1, 2, 3, 4, 5, 6]
dimension set length :: 6

********** Query File loaded successfully **********

Please check ouput at file :: data_ind.txt.out

********** Start of BNL algorithm implementation **********

Generating skyline set with BNL algorithm
Total running time :: 14211ms
Total tuple comparisons :: 15512578
Size of skyline set :: 2534

********** END of BNL algorithm implementation **********


**********Start of SFS algorithm implementation **********

Generating skyline set with SFS algorithm
Total running time :: 23558ms
Total tuple comparisons :: 4239292
Size of skyline set :: 2534
********** END of SFS algorithm implementation **********
