
********** Start of BNL algorithm implementation **********

Generating skyline set with BNL algorithm
Tuple ID 31 :: [0.2474276462780713, 0.3612496340412413, 0.2655414228505509, 0.1495948406747548, 0.3806319317767381]
Tuple ID 51 :: [0.2000355580074734, 0.1290932164127039, 0.1684753320681174, 0.1552934988277056, 0.1431085684157619]
Tuple ID 76 :: [0.1751634008469383, 0.2272203333708813, 0.1142003455780702, 0.2741430702967284, 0.1533885426309782]
Tuple ID 85 :: [0.1647504895077745, 0.3708324939701422, 0.4512544460655136, 0.2607900556726167, 0.2623076640130547]
Tuple ID 171 :: [0.2706704124770647, 0.4065230782357698, 0.3832660902296521, 0.1333895913400606, 0.527111443721622]
 
Total running time :: 308ms
Total tuple comparisons :: 365
Size of skyline set :: 5

********** END of BNL algorithm implementation **********


**********Start of SFS algorithm implementation **********

Generating skyline set with SFS algorithm
Tuple ID 51 :: [0.2000355580074734, 0.1290932164127039, 0.1684753320681174, 0.1552934988277056, 0.1431085684157619]
Tuple ID 76 :: [0.1751634008469383, 0.2272203333708813, 0.1142003455780702, 0.2741430702967284, 0.1533885426309782]
Tuple ID 31 :: [0.2474276462780713, 0.3612496340412413, 0.2655414228505509, 0.1495948406747548, 0.3806319317767381]
Tuple ID 85 :: [0.1647504895077745, 0.3708324939701422, 0.4512544460655136, 0.2607900556726167, 0.2623076640130547]
Tuple ID 171 :: [0.2706704124770647, 0.4065230782357698, 0.3832660902296521, 0.1333895913400606, 0.527111443721622]
 
Total running time :: 304ms
Total tuple comparisons :: 208
Size of skyline set :: 5
********** END of SFS algorithm implementation **********
