
********** Reading Query **********

Query read time :: 17ms
dimension set :: [0, 1, 2, 3, 4]
dimension set length :: 5
Disk page size ::1024
Pointer size ::4
Key size ::8

********** Query File loaded successfully **********

**** Loading data into rtree *****
Running time for Rtree:: 1095ms
**** Loaded data into rtree *****

********** Start of BBS algorithm In-Memory implementation **********

Generating skyline set with BBS algorithm
Total number of object to object comparison :: 58625
Size of skyline set :: 207
Running time for BBS:: 27ms
Total Running time for Rtree+ BBS:: 1122ms

********** END of BBS algorithm implementation **********


********** Start of BBS algorithm Disk based implementation **********

Generating skyline set with BBS algorithm
Total number of object to object comparison :: 59113
Size of skyline set :: 207
Running time for BBS:: 618ms
Total Running time for Rtree+ BBS:: 1713ms

********** END of BBS algorithm implementation **********

